{
  "stats": {
    "suites": 5,
    "tests": 55,
    "passes": 39,
    "pending": 0,
    "failures": 16,
    "start": "2025-12-02T05:30:06.833Z",
    "end": "2025-12-02T05:33:28.910Z",
    "duration": 202077,
    "testsRegistered": 55,
    "passPercent": 70.9090909090909,
    "pendingPercent": 0,
    "other": 0,
    "hasOther": false,
    "skipped": 0,
    "hasSkipped": false
  },
  "results": [
    {
      "uuid": "8381868d-fc56-42a2-ba25-c8da4cd506e9",
      "title": "",
      "fullFile": "cypress\\e2e\\saucedemo.cy.js",
      "file": "cypress\\e2e\\saucedemo.cy.js",
      "beforeHooks": [],
      "afterHooks": [],
      "tests": [],
      "suites": [
        {
          "uuid": "9a924cd6-a9f4-4515-ba9d-da38ccef21c1",
          "title": "Testing dengan user: standard_user",
          "fullFile": "",
          "file": "",
          "beforeHooks": [],
          "afterHooks": [],
          "tests": [
            {
              "title": "Login Test",
              "fullTitle": "Testing dengan user: standard_user Login Test",
              "timedOut": null,
              "duration": 2725,
              "state": "passed",
              "speed": "fast",
              "pass": true,
              "fail": false,
              "pending": false,
              "context": null,
              "code": "cy.visit('https://www.saucedemo.com/');\ncy.get('#user-name').type(user);\ncy.get('#password').type('secret_sauce');\ncy.get('#login-button').click();\ncy.url().should('include', '/inventory.html');",
              "err": {},
              "uuid": "0e20c218-5b46-4fa1-8338-25ed132788fd",
              "parentUUID": "9a924cd6-a9f4-4515-ba9d-da38ccef21c1",
              "isHook": false,
              "skipped": false
            },
            {
              "title": "Add to Cart berhasil",
              "fullTitle": "Testing dengan user: standard_user Add to Cart berhasil",
              "timedOut": null,
              "duration": 942,
              "state": "passed",
              "speed": "fast",
              "pass": true,
              "fail": false,
              "pending": false,
              "context": null,
              "code": "cy.login(user);\ncy.get('#add-to-cart-sauce-labs-backpack').click();\ncy.get('.shopping_cart_badge').should('contain', '1');",
              "err": {},
              "uuid": "62bf39fb-5578-4d4b-8f33-cdb6405dd9a4",
              "parentUUID": "9a924cd6-a9f4-4515-ba9d-da38ccef21c1",
              "isHook": false,
              "skipped": false
            },
            {
              "title": "Remove item dari cart",
              "fullTitle": "Testing dengan user: standard_user Remove item dari cart",
              "timedOut": null,
              "duration": 1248,
              "state": "passed",
              "speed": "fast",
              "pass": true,
              "fail": false,
              "pending": false,
              "context": null,
              "code": "cy.login(user);\ncy.get('#add-to-cart-sauce-labs-backpack').click();\ncy.get('#remove-sauce-labs-backpack').click();\ncy.get('.shopping_cart_badge').should('not.exist');",
              "err": {},
              "uuid": "8431dac7-eafc-4e30-922d-e8c3fecc9ec7",
              "parentUUID": "9a924cd6-a9f4-4515-ba9d-da38ccef21c1",
              "isHook": false,
              "skipped": false
            },
            {
              "title": "User bisa melihat isi cart",
              "fullTitle": "Testing dengan user: standard_user User bisa melihat isi cart",
              "timedOut": null,
              "duration": 1021,
              "state": "passed",
              "speed": "fast",
              "pass": true,
              "fail": false,
              "pending": false,
              "context": null,
              "code": "cy.login(user);\ncy.get('#add-to-cart-sauce-labs-backpack').click();\ncy.get('.shopping_cart_link').click();\ncy.get('.cart_item').should('have.length', 1);",
              "err": {},
              "uuid": "aa579815-a392-40dc-8102-2a28de785f78",
              "parentUUID": "9a924cd6-a9f4-4515-ba9d-da38ccef21c1",
              "isHook": false,
              "skipped": false
            },
            {
              "title": "Checkout - mengisi Your Information",
              "fullTitle": "Testing dengan user: standard_user Checkout - mengisi Your Information",
              "timedOut": null,
              "duration": 1765,
              "state": "passed",
              "speed": "fast",
              "pass": true,
              "fail": false,
              "pending": false,
              "context": null,
              "code": "cy.login(user);\ncy.get('#add-to-cart-sauce-labs-backpack').click();\ncy.get('.shopping_cart_link').click();\ncy.get('#checkout').click();\ncy.get('#first-name').type('Astri');\ncy.get('#last-name').type('Siahaan');\ncy.get('#postal-code').type('12345');\ncy.get('#continue').click();\ncy.url().should('include', 'checkout-step-two');",
              "err": {},
              "uuid": "c3b75829-722e-40f0-8e38-20303d48e08d",
              "parentUUID": "9a924cd6-a9f4-4515-ba9d-da38ccef21c1",
              "isHook": false,
              "skipped": false
            },
            {
              "title": "Checkout Overview tampil dengan benar",
              "fullTitle": "Testing dengan user: standard_user Checkout Overview tampil dengan benar",
              "timedOut": null,
              "duration": 1785,
              "state": "passed",
              "speed": "fast",
              "pass": true,
              "fail": false,
              "pending": false,
              "context": null,
              "code": "cy.login(user);\ncy.get('#add-to-cart-sauce-labs-backpack').click();\ncy.get('.shopping_cart_link').click();\ncy.get('#checkout').click();\ncy.get('#first-name').type('Astri');\ncy.get('#last-name').type('Siahaan');\ncy.get('#postal-code').type('12345');\ncy.get('#continue').click();\ncy.get('.summary_info').should('be.visible');",
              "err": {},
              "uuid": "d88abce2-2499-4758-a33c-8c202f9b7d90",
              "parentUUID": "9a924cd6-a9f4-4515-ba9d-da38ccef21c1",
              "isHook": false,
              "skipped": false
            },
            {
              "title": "Complete checkout - Finish Order",
              "fullTitle": "Testing dengan user: standard_user Complete checkout - Finish Order",
              "timedOut": null,
              "duration": 1921,
              "state": "passed",
              "speed": "fast",
              "pass": true,
              "fail": false,
              "pending": false,
              "context": null,
              "code": "cy.login(user);\ncy.get('#add-to-cart-sauce-labs-backpack').click();\ncy.get('.shopping_cart_link').click();\ncy.get('#checkout').click();\ncy.get('#first-name').type('Astri');\ncy.get('#last-name').type('Siahaan');\ncy.get('#postal-code').type('12345');\ncy.get('#continue').click();\ncy.get('#finish').click();\ncy.contains('Thank you for your order!').should('be.visible');",
              "err": {},
              "uuid": "4c66b742-cdc6-41d3-adea-4b911830a10e",
              "parentUUID": "9a924cd6-a9f4-4515-ba9d-da38ccef21c1",
              "isHook": false,
              "skipped": false
            },
            {
              "title": "Sort Name (A - Z)",
              "fullTitle": "Testing dengan user: standard_user Sort Name (A - Z)",
              "timedOut": null,
              "duration": 942,
              "state": "passed",
              "speed": "fast",
              "pass": true,
              "fail": false,
              "pending": false,
              "context": null,
              "code": "cy.login(user);\ncy.get('[data-test=\"product-sort-container\"]').select('az');\nlet names = [];\ncy.get('.inventory_item_name').each($el => {\n  names.push($el.text());\n}).then(() => {\n  const sorted = [...names].sort();\n  expect(names).to.deep.equal(sorted);\n});",
              "err": {},
              "uuid": "f106c071-fd09-42f0-a865-e0182aaa0cb3",
              "parentUUID": "9a924cd6-a9f4-4515-ba9d-da38ccef21c1",
              "isHook": false,
              "skipped": false
            },
            {
              "title": "Sort Name (Z - A)",
              "fullTitle": "Testing dengan user: standard_user Sort Name (Z - A)",
              "timedOut": null,
              "duration": 930,
              "state": "passed",
              "speed": "fast",
              "pass": true,
              "fail": false,
              "pending": false,
              "context": null,
              "code": "cy.login(user);\ncy.get('[data-test=\"product-sort-container\"]').select('za');\nlet names = [];\ncy.get('.inventory_item_name').each($el => {\n  names.push($el.text());\n}).then(() => {\n  const sorted = [...names].sort().reverse();\n  expect(names).to.deep.equal(sorted);\n});",
              "err": {},
              "uuid": "f0674eb2-9b77-48f9-afad-3dc43fcde230",
              "parentUUID": "9a924cd6-a9f4-4515-ba9d-da38ccef21c1",
              "isHook": false,
              "skipped": false
            },
            {
              "title": "Sort Price (Low to High)",
              "fullTitle": "Testing dengan user: standard_user Sort Price (Low to High)",
              "timedOut": null,
              "duration": 996,
              "state": "passed",
              "speed": "fast",
              "pass": true,
              "fail": false,
              "pending": false,
              "context": null,
              "code": "cy.login(user);\ncy.get('[data-test=\"product-sort-container\"]').select('lohi');\nlet prices = [];\ncy.get('.inventory_item_price').each($el => {\n  prices.push(parseFloat($el.text().replace('$', '')));\n}).then(() => {\n  const sorted = [...prices].sort((a, b) => a - b);\n  expect(prices).to.deep.equal(sorted);\n});",
              "err": {},
              "uuid": "5146e74f-1949-42d8-9902-90954c09372c",
              "parentUUID": "9a924cd6-a9f4-4515-ba9d-da38ccef21c1",
              "isHook": false,
              "skipped": false
            },
            {
              "title": "Sort Price (High to Low)",
              "fullTitle": "Testing dengan user: standard_user Sort Price (High to Low)",
              "timedOut": null,
              "duration": 937,
              "state": "passed",
              "speed": "fast",
              "pass": true,
              "fail": false,
              "pending": false,
              "context": null,
              "code": "cy.login(user);\ncy.get('[data-test=\"product-sort-container\"]').select('hilo');\nlet prices = [];\ncy.get('.inventory_item_price').each($el => {\n  prices.push(parseFloat($el.text().replace('$', '')));\n}).then(() => {\n  const sorted = [...prices].sort((a, b) => b - a);\n  expect(prices).to.deep.equal(sorted);\n});",
              "err": {},
              "uuid": "2680dccd-0801-410c-b5af-8d5ccc9e2cc0",
              "parentUUID": "9a924cd6-a9f4-4515-ba9d-da38ccef21c1",
              "isHook": false,
              "skipped": false
            }
          ],
          "suites": [],
          "passes": [
            "0e20c218-5b46-4fa1-8338-25ed132788fd",
            "62bf39fb-5578-4d4b-8f33-cdb6405dd9a4",
            "8431dac7-eafc-4e30-922d-e8c3fecc9ec7",
            "aa579815-a392-40dc-8102-2a28de785f78",
            "c3b75829-722e-40f0-8e38-20303d48e08d",
            "d88abce2-2499-4758-a33c-8c202f9b7d90",
            "4c66b742-cdc6-41d3-adea-4b911830a10e",
            "f106c071-fd09-42f0-a865-e0182aaa0cb3",
            "f0674eb2-9b77-48f9-afad-3dc43fcde230",
            "5146e74f-1949-42d8-9902-90954c09372c",
            "2680dccd-0801-410c-b5af-8d5ccc9e2cc0"
          ],
          "failures": [],
          "pending": [],
          "skipped": [],
          "duration": 15212,
          "root": false,
          "rootEmpty": false,
          "_timeout": 2000
        },
        {
          "uuid": "fbc6741d-216c-4fad-9a48-2099a86463cd",
          "title": "Testing dengan user: problem_user",
          "fullFile": "",
          "file": "",
          "beforeHooks": [],
          "afterHooks": [],
          "tests": [
            {
              "title": "Login Test",
              "fullTitle": "Testing dengan user: problem_user Login Test",
              "timedOut": null,
              "duration": 789,
              "state": "passed",
              "speed": "fast",
              "pass": true,
              "fail": false,
              "pending": false,
              "context": null,
              "code": "cy.visit('https://www.saucedemo.com/');\ncy.get('#user-name').type(user);\ncy.get('#password').type('secret_sauce');\ncy.get('#login-button').click();\ncy.url().should('include', '/inventory.html');",
              "err": {},
              "uuid": "48ae080b-2063-4b26-984c-f2483deab42d",
              "parentUUID": "fbc6741d-216c-4fad-9a48-2099a86463cd",
              "isHook": false,
              "skipped": false
            },
            {
              "title": "Add to Cart berhasil",
              "fullTitle": "Testing dengan user: problem_user Add to Cart berhasil",
              "timedOut": null,
              "duration": 795,
              "state": "passed",
              "speed": "fast",
              "pass": true,
              "fail": false,
              "pending": false,
              "context": null,
              "code": "cy.login(user);\ncy.get('#add-to-cart-sauce-labs-backpack').click();\ncy.get('.shopping_cart_badge').should('contain', '1');",
              "err": {},
              "uuid": "0a8ff3b1-c944-4691-9f6b-cee2ceba4845",
              "parentUUID": "fbc6741d-216c-4fad-9a48-2099a86463cd",
              "isHook": false,
              "skipped": false
            },
            {
              "title": "Remove item dari cart",
              "fullTitle": "Testing dengan user: problem_user Remove item dari cart",
              "timedOut": null,
              "duration": 11192,
              "state": "failed",
              "speed": null,
              "pass": false,
              "fail": true,
              "pending": false,
              "context": null,
              "code": "cy.login(user);\ncy.get('#add-to-cart-sauce-labs-backpack').click();\ncy.get('#remove-sauce-labs-backpack').click();\ncy.get('.shopping_cart_badge').should('not.exist');",
              "err": {
                "message": "AssertionError: Timed out retrying after 10000ms: Expected <span.shopping_cart_badge> not to exist in the DOM, but it was continuously found.",
                "estack": "AssertionError: Timed out retrying after 10000ms: Expected <span.shopping_cart_badge> not to exist in the DOM, but it was continuously found.\n    at Context.eval (webpack://pengujian-sauce-demo-web/./cypress/e2e/saucedemo.cy.js:32:37)",
                "diff": null
              },
              "uuid": "8a1dfd26-6dee-4a7a-a685-64af05c485bc",
              "parentUUID": "fbc6741d-216c-4fad-9a48-2099a86463cd",
              "isHook": false,
              "skipped": false
            },
            {
              "title": "User bisa melihat isi cart",
              "fullTitle": "Testing dengan user: problem_user User bisa melihat isi cart",
              "timedOut": null,
              "duration": 912,
              "state": "passed",
              "speed": "fast",
              "pass": true,
              "fail": false,
              "pending": false,
              "context": null,
              "code": "cy.login(user);\ncy.get('#add-to-cart-sauce-labs-backpack').click();\ncy.get('.shopping_cart_link').click();\ncy.get('.cart_item').should('have.length', 1);",
              "err": {},
              "uuid": "6c6e7d65-9a06-4799-b5bc-81530de33aa2",
              "parentUUID": "fbc6741d-216c-4fad-9a48-2099a86463cd",
              "isHook": false,
              "skipped": false
            },
            {
              "title": "Checkout - mengisi Your Information",
              "fullTitle": "Testing dengan user: problem_user Checkout - mengisi Your Information",
              "timedOut": null,
              "duration": 12094,
              "state": "failed",
              "speed": null,
              "pass": false,
              "fail": true,
              "pending": false,
              "context": null,
              "code": "cy.login(user);\ncy.get('#add-to-cart-sauce-labs-backpack').click();\ncy.get('.shopping_cart_link').click();\ncy.get('#checkout').click();\ncy.get('#first-name').type('Astri');\ncy.get('#last-name').type('Siahaan');\ncy.get('#postal-code').type('12345');\ncy.get('#continue').click();\ncy.url().should('include', 'checkout-step-two');",
              "err": {
                "message": "AssertionError: Timed out retrying after 10000ms: expected 'https://www.saucedemo.com/checkout-step-one.html' to include 'checkout-step-two'",
                "estack": "AssertionError: Timed out retrying after 10000ms: expected 'https://www.saucedemo.com/checkout-step-one.html' to include 'checkout-step-two'\n    at Context.eval (webpack://pengujian-sauce-demo-web/./cypress/e2e/saucedemo.cy.js:53:15)",
                "diff": null
              },
              "uuid": "ec5a3cb4-0f00-409d-9212-4e6570f3cc09",
              "parentUUID": "fbc6741d-216c-4fad-9a48-2099a86463cd",
              "isHook": false,
              "skipped": false
            },
            {
              "title": "Checkout Overview tampil dengan benar",
              "fullTitle": "Testing dengan user: problem_user Checkout Overview tampil dengan benar",
              "timedOut": null,
              "duration": 12564,
              "state": "failed",
              "speed": null,
              "pass": false,
              "fail": true,
              "pending": false,
              "context": null,
              "code": "cy.login(user);\ncy.get('#add-to-cart-sauce-labs-backpack').click();\ncy.get('.shopping_cart_link').click();\ncy.get('#checkout').click();\ncy.get('#first-name').type('Astri');\ncy.get('#last-name').type('Siahaan');\ncy.get('#postal-code').type('12345');\ncy.get('#continue').click();\ncy.get('.summary_info').should('be.visible');",
              "err": {
                "message": "AssertionError: Timed out retrying after 10000ms: Expected to find element: `.summary_info`, but never found it.",
                "estack": "AssertionError: Timed out retrying after 10000ms: Expected to find element: `.summary_info`, but never found it.\n    at Context.eval (webpack://pengujian-sauce-demo-web/./cypress/e2e/saucedemo.cy.js:67:30)",
                "diff": null
              },
              "uuid": "7959f813-0c1c-465b-9266-631188e5d9a2",
              "parentUUID": "fbc6741d-216c-4fad-9a48-2099a86463cd",
              "isHook": false,
              "skipped": false
            },
            {
              "title": "Complete checkout - Finish Order",
              "fullTitle": "Testing dengan user: problem_user Complete checkout - Finish Order",
              "timedOut": null,
              "duration": 14341,
              "state": "failed",
              "speed": null,
              "pass": false,
              "fail": true,
              "pending": false,
              "context": null,
              "code": "cy.login(user);\ncy.get('#add-to-cart-sauce-labs-backpack').click();\ncy.get('.shopping_cart_link').click();\ncy.get('#checkout').click();\ncy.get('#first-name').type('Astri');\ncy.get('#last-name').type('Siahaan');\ncy.get('#postal-code').type('12345');\ncy.get('#continue').click();\ncy.get('#finish').click();\ncy.contains('Thank you for your order!').should('be.visible');",
              "err": {
                "message": "AssertionError: Timed out retrying after 10000ms: Expected to find element: `#finish`, but never found it.",
                "estack": "AssertionError: Timed out retrying after 10000ms: Expected to find element: `#finish`, but never found it.\n    at Context.eval (webpack://pengujian-sauce-demo-web/./cypress/e2e/saucedemo.cy.js:81:9)",
                "diff": null
              },
              "uuid": "1cb55f7b-6139-4f13-ab4e-75f0d8ba883a",
              "parentUUID": "fbc6741d-216c-4fad-9a48-2099a86463cd",
              "isHook": false,
              "skipped": false
            },
            {
              "title": "Sort Name (A - Z)",
              "fullTitle": "Testing dengan user: problem_user Sort Name (A - Z)",
              "timedOut": null,
              "duration": 1504,
              "state": "passed",
              "speed": "fast",
              "pass": true,
              "fail": false,
              "pending": false,
              "context": null,
              "code": "cy.login(user);\ncy.get('[data-test=\"product-sort-container\"]').select('az');\nlet names = [];\ncy.get('.inventory_item_name').each($el => {\n  names.push($el.text());\n}).then(() => {\n  const sorted = [...names].sort();\n  expect(names).to.deep.equal(sorted);\n});",
              "err": {},
              "uuid": "ab3182fa-32b7-42fb-a6d3-eac80e55ef02",
              "parentUUID": "fbc6741d-216c-4fad-9a48-2099a86463cd",
              "isHook": false,
              "skipped": false
            },
            {
              "title": "Sort Name (Z - A)",
              "fullTitle": "Testing dengan user: problem_user Sort Name (Z - A)",
              "timedOut": null,
              "duration": 1490,
              "state": "failed",
              "speed": null,
              "pass": false,
              "fail": true,
              "pending": false,
              "context": null,
              "code": "cy.login(user);\ncy.get('[data-test=\"product-sort-container\"]').select('za');\nlet names = [];\ncy.get('.inventory_item_name').each($el => {\n  names.push($el.text());\n}).then(() => {\n  const sorted = [...names].sort().reverse();\n  expect(names).to.deep.equal(sorted);\n});",
              "err": {
                "message": "AssertionError: expected [ Array(6) ] to deeply equal [ Array(6) ]",
                "estack": "AssertionError: expected [ Array(6) ] to deeply equal [ Array(6) ]\n    at Context.eval (webpack://pengujian-sauce-demo-web/./cypress/e2e/saucedemo.cy.js:109:26)",
                "diff": "- [ 'Sauce Labs Backpack',\n+ [ 'Test.allTheThings() T-Shirt (Red)',\n+   'Sauce Labs Onesie',\n+   'Sauce Labs Fleece Jacket',\n+   'Sauce Labs Bolt T-Shirt',\n   'Sauce Labs Bike Light',\n-   'Sauce Labs Bolt T-Shirt',\n-   'Sauce Labs Fleece Jacket',\n-   'Sauce Labs Onesie',\n-   'Test.allTheThings() T-Shirt (Red)' ]\n+   'Sauce Labs Backpack' ]\n"
              },
              "uuid": "3d163fbc-260d-488e-bd1f-d8f59fbef261",
              "parentUUID": "fbc6741d-216c-4fad-9a48-2099a86463cd",
              "isHook": false,
              "skipped": false
            },
            {
              "title": "Sort Price (Low to High)",
              "fullTitle": "Testing dengan user: problem_user Sort Price (Low to High)",
              "timedOut": null,
              "duration": 1466,
              "state": "failed",
              "speed": null,
              "pass": false,
              "fail": true,
              "pending": false,
              "context": null,
              "code": "cy.login(user);\ncy.get('[data-test=\"product-sort-container\"]').select('lohi');\nlet prices = [];\ncy.get('.inventory_item_price').each($el => {\n  prices.push(parseFloat($el.text().replace('$', '')));\n}).then(() => {\n  const sorted = [...prices].sort((a, b) => a - b);\n  expect(prices).to.deep.equal(sorted);\n});",
              "err": {
                "message": "AssertionError: expected [ Array(6) ] to deeply equal [ Array(6) ]",
                "estack": "AssertionError: expected [ Array(6) ] to deeply equal [ Array(6) ]\n    at Context.eval (webpack://pengujian-sauce-demo-web/./cypress/e2e/saucedemo.cy.js:123:27)",
                "diff": "- [ 29.99, 9.99, 15.99, 49.99, 7.99, 15.99 ]\n+ [ 7.99, 9.99, 15.99, 15.99, 29.99, 49.99 ]\n"
              },
              "uuid": "dbbc6eb3-649d-40e7-8233-9d38e25c70dc",
              "parentUUID": "fbc6741d-216c-4fad-9a48-2099a86463cd",
              "isHook": false,
              "skipped": false
            },
            {
              "title": "Sort Price (High to Low)",
              "fullTitle": "Testing dengan user: problem_user Sort Price (High to Low)",
              "timedOut": null,
              "duration": 1424,
              "state": "failed",
              "speed": null,
              "pass": false,
              "fail": true,
              "pending": false,
              "context": null,
              "code": "cy.login(user);\ncy.get('[data-test=\"product-sort-container\"]').select('hilo');\nlet prices = [];\ncy.get('.inventory_item_price').each($el => {\n  prices.push(parseFloat($el.text().replace('$', '')));\n}).then(() => {\n  const sorted = [...prices].sort((a, b) => b - a);\n  expect(prices).to.deep.equal(sorted);\n});",
              "err": {
                "message": "AssertionError: expected [ Array(6) ] to deeply equal [ Array(6) ]",
                "estack": "AssertionError: expected [ Array(6) ] to deeply equal [ Array(6) ]\n    at Context.eval (webpack://pengujian-sauce-demo-web/./cypress/e2e/saucedemo.cy.js:137:27)",
                "diff": "- [ 29.99, 9.99, 15.99, 49.99, 7.99, 15.99 ]\n+ [ 49.99, 29.99, 15.99, 15.99, 9.99, 7.99 ]\n"
              },
              "uuid": "50c34eb2-d367-4c69-8e56-a546014d4b6d",
              "parentUUID": "fbc6741d-216c-4fad-9a48-2099a86463cd",
              "isHook": false,
              "skipped": false
            }
          ],
          "suites": [],
          "passes": [
            "48ae080b-2063-4b26-984c-f2483deab42d",
            "0a8ff3b1-c944-4691-9f6b-cee2ceba4845",
            "6c6e7d65-9a06-4799-b5bc-81530de33aa2",
            "ab3182fa-32b7-42fb-a6d3-eac80e55ef02"
          ],
          "failures": [
            "8a1dfd26-6dee-4a7a-a685-64af05c485bc",
            "ec5a3cb4-0f00-409d-9212-4e6570f3cc09",
            "7959f813-0c1c-465b-9266-631188e5d9a2",
            "1cb55f7b-6139-4f13-ab4e-75f0d8ba883a",
            "3d163fbc-260d-488e-bd1f-d8f59fbef261",
            "dbbc6eb3-649d-40e7-8233-9d38e25c70dc",
            "50c34eb2-d367-4c69-8e56-a546014d4b6d"
          ],
          "pending": [],
          "skipped": [],
          "duration": 58571,
          "root": false,
          "rootEmpty": false,
          "_timeout": 2000
        },
        {
          "uuid": "e20fc1d3-c933-4e28-be68-6db6ef636c88",
          "title": "Testing dengan user: performance_glitch_user",
          "fullFile": "",
          "file": "",
          "beforeHooks": [],
          "afterHooks": [],
          "tests": [
            {
              "title": "Login Test",
              "fullTitle": "Testing dengan user: performance_glitch_user Login Test",
              "timedOut": null,
              "duration": 6153,
              "state": "passed",
              "speed": "medium",
              "pass": true,
              "fail": false,
              "pending": false,
              "context": null,
              "code": "cy.visit('https://www.saucedemo.com/');\ncy.get('#user-name').type(user);\ncy.get('#password').type('secret_sauce');\ncy.get('#login-button').click();\ncy.url().should('include', '/inventory.html');",
              "err": {},
              "uuid": "b982a3df-182a-4b04-94cd-68b0a850483f",
              "parentUUID": "e20fc1d3-c933-4e28-be68-6db6ef636c88",
              "isHook": false,
              "skipped": false
            },
            {
              "title": "Add to Cart berhasil",
              "fullTitle": "Testing dengan user: performance_glitch_user Add to Cart berhasil",
              "timedOut": null,
              "duration": 6310,
              "state": "passed",
              "speed": "medium",
              "pass": true,
              "fail": false,
              "pending": false,
              "context": null,
              "code": "cy.login(user);\ncy.get('#add-to-cart-sauce-labs-backpack').click();\ncy.get('.shopping_cart_badge').should('contain', '1');",
              "err": {},
              "uuid": "49637bf3-fc5b-41e7-8834-c21254f6d623",
              "parentUUID": "e20fc1d3-c933-4e28-be68-6db6ef636c88",
              "isHook": false,
              "skipped": false
            },
            {
              "title": "Remove item dari cart",
              "fullTitle": "Testing dengan user: performance_glitch_user Remove item dari cart",
              "timedOut": null,
              "duration": 6438,
              "state": "passed",
              "speed": "medium",
              "pass": true,
              "fail": false,
              "pending": false,
              "context": null,
              "code": "cy.login(user);\ncy.get('#add-to-cart-sauce-labs-backpack').click();\ncy.get('#remove-sauce-labs-backpack').click();\ncy.get('.shopping_cart_badge').should('not.exist');",
              "err": {},
              "uuid": "e37e8b96-3ed5-4222-9d05-a494a380533f",
              "parentUUID": "e20fc1d3-c933-4e28-be68-6db6ef636c88",
              "isHook": false,
              "skipped": false
            },
            {
              "title": "User bisa melihat isi cart",
              "fullTitle": "Testing dengan user: performance_glitch_user User bisa melihat isi cart",
              "timedOut": null,
              "duration": 6460,
              "state": "passed",
              "speed": "medium",
              "pass": true,
              "fail": false,
              "pending": false,
              "context": null,
              "code": "cy.login(user);\ncy.get('#add-to-cart-sauce-labs-backpack').click();\ncy.get('.shopping_cart_link').click();\ncy.get('.cart_item').should('have.length', 1);",
              "err": {},
              "uuid": "020719a8-e842-4112-844e-f4709a4d2a1b",
              "parentUUID": "e20fc1d3-c933-4e28-be68-6db6ef636c88",
              "isHook": false,
              "skipped": false
            },
            {
              "title": "Checkout - mengisi Your Information",
              "fullTitle": "Testing dengan user: performance_glitch_user Checkout - mengisi Your Information",
              "timedOut": null,
              "duration": 8219,
              "state": "passed",
              "speed": "medium",
              "pass": true,
              "fail": false,
              "pending": false,
              "context": null,
              "code": "cy.login(user);\ncy.get('#add-to-cart-sauce-labs-backpack').click();\ncy.get('.shopping_cart_link').click();\ncy.get('#checkout').click();\ncy.get('#first-name').type('Astri');\ncy.get('#last-name').type('Siahaan');\ncy.get('#postal-code').type('12345');\ncy.get('#continue').click();\ncy.url().should('include', 'checkout-step-two');",
              "err": {},
              "uuid": "e826bfb2-5315-467c-999e-5d7bdcdb03f7",
              "parentUUID": "e20fc1d3-c933-4e28-be68-6db6ef636c88",
              "isHook": false,
              "skipped": false
            },
            {
              "title": "Checkout Overview tampil dengan benar",
              "fullTitle": "Testing dengan user: performance_glitch_user Checkout Overview tampil dengan benar",
              "timedOut": null,
              "duration": 8164,
              "state": "passed",
              "speed": "medium",
              "pass": true,
              "fail": false,
              "pending": false,
              "context": null,
              "code": "cy.login(user);\ncy.get('#add-to-cart-sauce-labs-backpack').click();\ncy.get('.shopping_cart_link').click();\ncy.get('#checkout').click();\ncy.get('#first-name').type('Astri');\ncy.get('#last-name').type('Siahaan');\ncy.get('#postal-code').type('12345');\ncy.get('#continue').click();\ncy.get('.summary_info').should('be.visible');",
              "err": {},
              "uuid": "190a15d6-bf49-4fa5-851b-3e2060603795",
              "parentUUID": "e20fc1d3-c933-4e28-be68-6db6ef636c88",
              "isHook": false,
              "skipped": false
            },
            {
              "title": "Complete checkout - Finish Order",
              "fullTitle": "Testing dengan user: performance_glitch_user Complete checkout - Finish Order",
              "timedOut": null,
              "duration": 8207,
              "state": "passed",
              "speed": "medium",
              "pass": true,
              "fail": false,
              "pending": false,
              "context": null,
              "code": "cy.login(user);\ncy.get('#add-to-cart-sauce-labs-backpack').click();\ncy.get('.shopping_cart_link').click();\ncy.get('#checkout').click();\ncy.get('#first-name').type('Astri');\ncy.get('#last-name').type('Siahaan');\ncy.get('#postal-code').type('12345');\ncy.get('#continue').click();\ncy.get('#finish').click();\ncy.contains('Thank you for your order!').should('be.visible');",
              "err": {},
              "uuid": "71f048d4-4c95-4e5b-bd90-b14d80fc0a85",
              "parentUUID": "e20fc1d3-c933-4e28-be68-6db6ef636c88",
              "isHook": false,
              "skipped": false
            },
            {
              "title": "Sort Name (A - Z)",
              "fullTitle": "Testing dengan user: performance_glitch_user Sort Name (A - Z)",
              "timedOut": null,
              "duration": 6108,
              "state": "passed",
              "speed": "medium",
              "pass": true,
              "fail": false,
              "pending": false,
              "context": null,
              "code": "cy.login(user);\ncy.get('[data-test=\"product-sort-container\"]').select('az');\nlet names = [];\ncy.get('.inventory_item_name').each($el => {\n  names.push($el.text());\n}).then(() => {\n  const sorted = [...names].sort();\n  expect(names).to.deep.equal(sorted);\n});",
              "err": {},
              "uuid": "979bd321-0577-4840-9a41-3c74cb82498c",
              "parentUUID": "e20fc1d3-c933-4e28-be68-6db6ef636c88",
              "isHook": false,
              "skipped": false
            },
            {
              "title": "Sort Name (Z - A)",
              "fullTitle": "Testing dengan user: performance_glitch_user Sort Name (Z - A)",
              "timedOut": null,
              "duration": 11155,
              "state": "passed",
              "speed": "slow",
              "pass": true,
              "fail": false,
              "pending": false,
              "context": null,
              "code": "cy.login(user);\ncy.get('[data-test=\"product-sort-container\"]').select('za');\nlet names = [];\ncy.get('.inventory_item_name').each($el => {\n  names.push($el.text());\n}).then(() => {\n  const sorted = [...names].sort().reverse();\n  expect(names).to.deep.equal(sorted);\n});",
              "err": {},
              "uuid": "56a71845-5244-4767-b9c0-149480a8cd79",
              "parentUUID": "e20fc1d3-c933-4e28-be68-6db6ef636c88",
              "isHook": false,
              "skipped": false
            },
            {
              "title": "Sort Price (Low to High)",
              "fullTitle": "Testing dengan user: performance_glitch_user Sort Price (Low to High)",
              "timedOut": null,
              "duration": 11123,
              "state": "passed",
              "speed": "slow",
              "pass": true,
              "fail": false,
              "pending": false,
              "context": null,
              "code": "cy.login(user);\ncy.get('[data-test=\"product-sort-container\"]').select('lohi');\nlet prices = [];\ncy.get('.inventory_item_price').each($el => {\n  prices.push(parseFloat($el.text().replace('$', '')));\n}).then(() => {\n  const sorted = [...prices].sort((a, b) => a - b);\n  expect(prices).to.deep.equal(sorted);\n});",
              "err": {},
              "uuid": "4e07e3a1-1a2d-4b7e-a4ca-a5254f20527a",
              "parentUUID": "e20fc1d3-c933-4e28-be68-6db6ef636c88",
              "isHook": false,
              "skipped": false
            },
            {
              "title": "Sort Price (High to Low)",
              "fullTitle": "Testing dengan user: performance_glitch_user Sort Price (High to Low)",
              "timedOut": null,
              "duration": 11168,
              "state": "passed",
              "speed": "slow",
              "pass": true,
              "fail": false,
              "pending": false,
              "context": null,
              "code": "cy.login(user);\ncy.get('[data-test=\"product-sort-container\"]').select('hilo');\nlet prices = [];\ncy.get('.inventory_item_price').each($el => {\n  prices.push(parseFloat($el.text().replace('$', '')));\n}).then(() => {\n  const sorted = [...prices].sort((a, b) => b - a);\n  expect(prices).to.deep.equal(sorted);\n});",
              "err": {},
              "uuid": "8448c7d7-b09d-4581-a9c6-a1c8eba7a5b1",
              "parentUUID": "e20fc1d3-c933-4e28-be68-6db6ef636c88",
              "isHook": false,
              "skipped": false
            }
          ],
          "suites": [],
          "passes": [
            "b982a3df-182a-4b04-94cd-68b0a850483f",
            "49637bf3-fc5b-41e7-8834-c21254f6d623",
            "e37e8b96-3ed5-4222-9d05-a494a380533f",
            "020719a8-e842-4112-844e-f4709a4d2a1b",
            "e826bfb2-5315-467c-999e-5d7bdcdb03f7",
            "190a15d6-bf49-4fa5-851b-3e2060603795",
            "71f048d4-4c95-4e5b-bd90-b14d80fc0a85",
            "979bd321-0577-4840-9a41-3c74cb82498c",
            "56a71845-5244-4767-b9c0-149480a8cd79",
            "4e07e3a1-1a2d-4b7e-a4ca-a5254f20527a",
            "8448c7d7-b09d-4581-a9c6-a1c8eba7a5b1"
          ],
          "failures": [],
          "pending": [],
          "skipped": [],
          "duration": 89505,
          "root": false,
          "rootEmpty": false,
          "_timeout": 2000
        },
        {
          "uuid": "5324c1b4-479f-414b-98ca-9118b42f3179",
          "title": "Testing dengan user: error_user",
          "fullFile": "",
          "file": "",
          "beforeHooks": [],
          "afterHooks": [],
          "tests": [
            {
              "title": "Login Test",
              "fullTitle": "Testing dengan user: error_user Login Test",
              "timedOut": null,
              "duration": 911,
              "state": "passed",
              "speed": "fast",
              "pass": true,
              "fail": false,
              "pending": false,
              "context": null,
              "code": "cy.visit('https://www.saucedemo.com/');\ncy.get('#user-name').type(user);\ncy.get('#password').type('secret_sauce');\ncy.get('#login-button').click();\ncy.url().should('include', '/inventory.html');",
              "err": {},
              "uuid": "d7cb42d8-c447-432e-80c9-5a356db7b0f7",
              "parentUUID": "5324c1b4-479f-414b-98ca-9118b42f3179",
              "isHook": false,
              "skipped": false
            },
            {
              "title": "Add to Cart berhasil",
              "fullTitle": "Testing dengan user: error_user Add to Cart berhasil",
              "timedOut": null,
              "duration": 954,
              "state": "passed",
              "speed": "fast",
              "pass": true,
              "fail": false,
              "pending": false,
              "context": null,
              "code": "cy.login(user);\ncy.get('#add-to-cart-sauce-labs-backpack').click();\ncy.get('.shopping_cart_badge').should('contain', '1');",
              "err": {},
              "uuid": "e48be73a-3a2b-4000-9e09-2f900be6ac56",
              "parentUUID": "5324c1b4-479f-414b-98ca-9118b42f3179",
              "isHook": false,
              "skipped": false
            },
            {
              "title": "Remove item dari cart",
              "fullTitle": "Testing dengan user: error_user Remove item dari cart",
              "timedOut": null,
              "duration": 1390,
              "state": "failed",
              "speed": null,
              "pass": false,
              "fail": true,
              "pending": false,
              "context": null,
              "code": "cy.login(user);\ncy.get('#add-to-cart-sauce-labs-backpack').click();\ncy.get('#remove-sauce-labs-backpack').click();\ncy.get('.shopping_cart_badge').should('not.exist');",
              "err": {
                "message": "Error: The following error originated from your application code, not from Cypress.\n\n  > Failed to remove item from cart.\n\nWhen Cypress detects uncaught errors originating from your application it will automatically fail the current test.\n\nThis behavior is configurable, and you can choose to turn this off by listening to the `uncaught:exception` event.\n\nhttps://on.cypress.io/uncaught-exception-from-application",
                "estack": "Error: The following error originated from your application code, not from Cypress.\n\n  > Failed to remove item from cart.\n\nWhen Cypress detects uncaught errors originating from your application it will automatically fail the current test.\n\nThis behavior is configurable, and you can choose to turn this off by listening to the `uncaught:exception` event.\n\nhttps://on.cypress.io/uncaught-exception-from-application\n    at <unknown> (https://www.saucedemo.com/static/js/main.bcf4bc5f.js:2:648604)\n    at a (https://www.saucedemo.com/static/js/main.bcf4bc5f.js:2:648673)\n    at Object.Ve (https://www.saucedemo.com/static/js/main.bcf4bc5f.js:2:306190)\n    at qe (https://www.saucedemo.com/static/js/main.bcf4bc5f.js:2:306344)\n    at <unknown> (https://www.saucedemo.com/static/js/main.bcf4bc5f.js:2:324565)\n    at Cr (https://www.saucedemo.com/static/js/main.bcf4bc5f.js:2:324659)\n    at Tr (https://www.saucedemo.com/static/js/main.bcf4bc5f.js:2:325074)\n    at <unknown> (https://www.saucedemo.com/static/js/main.bcf4bc5f.js:2:330719)\n    at Fe (https://www.saucedemo.com/static/js/main.bcf4bc5f.js:2:406383)\n    at <unknown> (https://www.saucedemo.com/static/js/main.bcf4bc5f.js:2:326540)",
                "diff": null
              },
              "uuid": "617f53ab-a806-4f0c-bd73-9ce7fb4d8503",
              "parentUUID": "5324c1b4-479f-414b-98ca-9118b42f3179",
              "isHook": false,
              "skipped": false
            },
            {
              "title": "User bisa melihat isi cart",
              "fullTitle": "Testing dengan user: error_user User bisa melihat isi cart",
              "timedOut": null,
              "duration": 1064,
              "state": "passed",
              "speed": "fast",
              "pass": true,
              "fail": false,
              "pending": false,
              "context": null,
              "code": "cy.login(user);\ncy.get('#add-to-cart-sauce-labs-backpack').click();\ncy.get('.shopping_cart_link').click();\ncy.get('.cart_item').should('have.length', 1);",
              "err": {},
              "uuid": "964a7d7d-d770-4e1f-a603-8441bfe2bbb0",
              "parentUUID": "5324c1b4-479f-414b-98ca-9118b42f3179",
              "isHook": false,
              "skipped": false
            },
            {
              "title": "Checkout - mengisi Your Information",
              "fullTitle": "Testing dengan user: error_user Checkout - mengisi Your Information",
              "timedOut": null,
              "duration": 1940,
              "state": "failed",
              "speed": null,
              "pass": false,
              "fail": true,
              "pending": false,
              "context": null,
              "code": "cy.login(user);\ncy.get('#add-to-cart-sauce-labs-backpack').click();\ncy.get('.shopping_cart_link').click();\ncy.get('#checkout').click();\ncy.get('#first-name').type('Astri');\ncy.get('#last-name').type('Siahaan');\ncy.get('#postal-code').type('12345');\ncy.get('#continue').click();\ncy.url().should('include', 'checkout-step-two');",
              "err": {
                "message": "TypeError: The following error originated from your application code, not from Cypress.\n\n  > Cannot read properties of undefined (reading 'value')\n\nWhen Cypress detects uncaught errors originating from your application it will automatically fail the current test.\n\nThis behavior is configurable, and you can choose to turn this off by listening to the `uncaught:exception` event.\n\nhttps://on.cypress.io/uncaught-exception-from-application",
                "estack": "TypeError: The following error originated from your application code, not from Cypress.\n\n  > Cannot read properties of undefined (reading 'value')\n\nWhen Cypress detects uncaught errors originating from your application it will automatically fail the current test.\n\nThis behavior is configurable, and you can choose to turn this off by listening to the `uncaught:exception` event.\n\nhttps://on.cypress.io/uncaught-exception-from-application\n    at onChange (https://www.saucedemo.com/static/js/main.bcf4bc5f.js:2:643824)\n    at Object.Ve (https://www.saucedemo.com/static/js/main.bcf4bc5f.js:2:306190)\n    at qe (https://www.saucedemo.com/static/js/main.bcf4bc5f.js:2:306344)\n    at <unknown> (https://www.saucedemo.com/static/js/main.bcf4bc5f.js:2:324565)\n    at Cr (https://www.saucedemo.com/static/js/main.bcf4bc5f.js:2:324659)\n    at Tr (https://www.saucedemo.com/static/js/main.bcf4bc5f.js:2:325074)\n    at <unknown> (https://www.saucedemo.com/static/js/main.bcf4bc5f.js:2:330719)\n    at Fe (https://www.saucedemo.com/static/js/main.bcf4bc5f.js:2:406383)\n    at <unknown> (https://www.saucedemo.com/static/js/main.bcf4bc5f.js:2:326540)\n    at Rr (https://www.saucedemo.com/static/js/main.bcf4bc5f.js:2:326570)",
                "diff": null
              },
              "uuid": "09de03a3-fc7f-4c4d-aab2-cf528cf0623c",
              "parentUUID": "5324c1b4-479f-414b-98ca-9118b42f3179",
              "isHook": false,
              "skipped": false
            },
            {
              "title": "Checkout Overview tampil dengan benar",
              "fullTitle": "Testing dengan user: error_user Checkout Overview tampil dengan benar",
              "timedOut": null,
              "duration": 2069,
              "state": "failed",
              "speed": null,
              "pass": false,
              "fail": true,
              "pending": false,
              "context": null,
              "code": "cy.login(user);\ncy.get('#add-to-cart-sauce-labs-backpack').click();\ncy.get('.shopping_cart_link').click();\ncy.get('#checkout').click();\ncy.get('#first-name').type('Astri');\ncy.get('#last-name').type('Siahaan');\ncy.get('#postal-code').type('12345');\ncy.get('#continue').click();\ncy.get('.summary_info').should('be.visible');",
              "err": {
                "message": "TypeError: The following error originated from your application code, not from Cypress.\n\n  > Cannot read properties of undefined (reading 'value')\n\nWhen Cypress detects uncaught errors originating from your application it will automatically fail the current test.\n\nThis behavior is configurable, and you can choose to turn this off by listening to the `uncaught:exception` event.\n\nhttps://on.cypress.io/uncaught-exception-from-application",
                "estack": "TypeError: The following error originated from your application code, not from Cypress.\n\n  > Cannot read properties of undefined (reading 'value')\n\nWhen Cypress detects uncaught errors originating from your application it will automatically fail the current test.\n\nThis behavior is configurable, and you can choose to turn this off by listening to the `uncaught:exception` event.\n\nhttps://on.cypress.io/uncaught-exception-from-application\n    at onChange (https://www.saucedemo.com/static/js/main.bcf4bc5f.js:2:643824)\n    at Object.Ve (https://www.saucedemo.com/static/js/main.bcf4bc5f.js:2:306190)\n    at qe (https://www.saucedemo.com/static/js/main.bcf4bc5f.js:2:306344)\n    at <unknown> (https://www.saucedemo.com/static/js/main.bcf4bc5f.js:2:324565)\n    at Cr (https://www.saucedemo.com/static/js/main.bcf4bc5f.js:2:324659)\n    at Tr (https://www.saucedemo.com/static/js/main.bcf4bc5f.js:2:325074)\n    at <unknown> (https://www.saucedemo.com/static/js/main.bcf4bc5f.js:2:330719)\n    at Fe (https://www.saucedemo.com/static/js/main.bcf4bc5f.js:2:406383)\n    at <unknown> (https://www.saucedemo.com/static/js/main.bcf4bc5f.js:2:326540)\n    at Rr (https://www.saucedemo.com/static/js/main.bcf4bc5f.js:2:326570)",
                "diff": null
              },
              "uuid": "19fc4799-9e61-4d90-b915-4813e06f09f4",
              "parentUUID": "5324c1b4-479f-414b-98ca-9118b42f3179",
              "isHook": false,
              "skipped": false
            },
            {
              "title": "Complete checkout - Finish Order",
              "fullTitle": "Testing dengan user: error_user Complete checkout - Finish Order",
              "timedOut": null,
              "duration": 1689,
              "state": "failed",
              "speed": null,
              "pass": false,
              "fail": true,
              "pending": false,
              "context": null,
              "code": "cy.login(user);\ncy.get('#add-to-cart-sauce-labs-backpack').click();\ncy.get('.shopping_cart_link').click();\ncy.get('#checkout').click();\ncy.get('#first-name').type('Astri');\ncy.get('#last-name').type('Siahaan');\ncy.get('#postal-code').type('12345');\ncy.get('#continue').click();\ncy.get('#finish').click();\ncy.contains('Thank you for your order!').should('be.visible');",
              "err": {
                "message": "TypeError: The following error originated from your application code, not from Cypress.\n\n  > Cannot read properties of undefined (reading 'value')\n\nWhen Cypress detects uncaught errors originating from your application it will automatically fail the current test.\n\nThis behavior is configurable, and you can choose to turn this off by listening to the `uncaught:exception` event.\n\nhttps://on.cypress.io/uncaught-exception-from-application",
                "estack": "TypeError: The following error originated from your application code, not from Cypress.\n\n  > Cannot read properties of undefined (reading 'value')\n\nWhen Cypress detects uncaught errors originating from your application it will automatically fail the current test.\n\nThis behavior is configurable, and you can choose to turn this off by listening to the `uncaught:exception` event.\n\nhttps://on.cypress.io/uncaught-exception-from-application\n    at onChange (https://www.saucedemo.com/static/js/main.bcf4bc5f.js:2:643824)\n    at Object.Ve (https://www.saucedemo.com/static/js/main.bcf4bc5f.js:2:306190)\n    at qe (https://www.saucedemo.com/static/js/main.bcf4bc5f.js:2:306344)\n    at <unknown> (https://www.saucedemo.com/static/js/main.bcf4bc5f.js:2:324565)\n    at Cr (https://www.saucedemo.com/static/js/main.bcf4bc5f.js:2:324659)\n    at Tr (https://www.saucedemo.com/static/js/main.bcf4bc5f.js:2:325074)\n    at <unknown> (https://www.saucedemo.com/static/js/main.bcf4bc5f.js:2:330719)\n    at Fe (https://www.saucedemo.com/static/js/main.bcf4bc5f.js:2:406383)\n    at <unknown> (https://www.saucedemo.com/static/js/main.bcf4bc5f.js:2:326540)\n    at Rr (https://www.saucedemo.com/static/js/main.bcf4bc5f.js:2:326570)",
                "diff": null
              },
              "uuid": "16afdea9-1d5a-4f4d-82c8-27769b8a71ba",
              "parentUUID": "5324c1b4-479f-414b-98ca-9118b42f3179",
              "isHook": false,
              "skipped": false
            },
            {
              "title": "Sort Name (A - Z)",
              "fullTitle": "Testing dengan user: error_user Sort Name (A - Z)",
              "timedOut": null,
              "duration": 1009,
              "state": "passed",
              "speed": "fast",
              "pass": true,
              "fail": false,
              "pending": false,
              "context": null,
              "code": "cy.login(user);\ncy.get('[data-test=\"product-sort-container\"]').select('az');\nlet names = [];\ncy.get('.inventory_item_name').each($el => {\n  names.push($el.text());\n}).then(() => {\n  const sorted = [...names].sort();\n  expect(names).to.deep.equal(sorted);\n});",
              "err": {},
              "uuid": "1516bcff-8b15-40e5-ab83-e3a853238360",
              "parentUUID": "5324c1b4-479f-414b-98ca-9118b42f3179",
              "isHook": false,
              "skipped": false
            },
            {
              "title": "Sort Name (Z - A)",
              "fullTitle": "Testing dengan user: error_user Sort Name (Z - A)",
              "timedOut": null,
              "duration": 1365,
              "state": "failed",
              "speed": null,
              "pass": false,
              "fail": true,
              "pending": false,
              "context": null,
              "code": "cy.login(user);\ncy.get('[data-test=\"product-sort-container\"]').select('za');\nlet names = [];\ncy.get('.inventory_item_name').each($el => {\n  names.push($el.text());\n}).then(() => {\n  const sorted = [...names].sort().reverse();\n  expect(names).to.deep.equal(sorted);\n});",
              "err": {
                "message": "AssertionError: expected [ Array(6) ] to deeply equal [ Array(6) ]",
                "estack": "AssertionError: expected [ Array(6) ] to deeply equal [ Array(6) ]\n    at Context.eval (webpack://pengujian-sauce-demo-web/./cypress/e2e/saucedemo.cy.js:109:26)",
                "diff": "- [ 'Sauce Labs Backpack',\n+ [ 'Test.allTheThings() T-Shirt (Red)',\n+   'Sauce Labs Onesie',\n+   'Sauce Labs Fleece Jacket',\n+   'Sauce Labs Bolt T-Shirt',\n   'Sauce Labs Bike Light',\n-   'Sauce Labs Bolt T-Shirt',\n-   'Sauce Labs Fleece Jacket',\n-   'Sauce Labs Onesie',\n-   'Test.allTheThings() T-Shirt (Red)' ]\n+   'Sauce Labs Backpack' ]\n"
              },
              "uuid": "cebb3140-0ca7-443c-bbd7-09024a9a55ae",
              "parentUUID": "5324c1b4-479f-414b-98ca-9118b42f3179",
              "isHook": false,
              "skipped": false
            },
            {
              "title": "Sort Price (Low to High)",
              "fullTitle": "Testing dengan user: error_user Sort Price (Low to High)",
              "timedOut": null,
              "duration": 1376,
              "state": "failed",
              "speed": null,
              "pass": false,
              "fail": true,
              "pending": false,
              "context": null,
              "code": "cy.login(user);\ncy.get('[data-test=\"product-sort-container\"]').select('lohi');\nlet prices = [];\ncy.get('.inventory_item_price').each($el => {\n  prices.push(parseFloat($el.text().replace('$', '')));\n}).then(() => {\n  const sorted = [...prices].sort((a, b) => a - b);\n  expect(prices).to.deep.equal(sorted);\n});",
              "err": {
                "message": "AssertionError: expected [ Array(6) ] to deeply equal [ Array(6) ]",
                "estack": "AssertionError: expected [ Array(6) ] to deeply equal [ Array(6) ]\n    at Context.eval (webpack://pengujian-sauce-demo-web/./cypress/e2e/saucedemo.cy.js:123:27)",
                "diff": "- [ 29.99, 9.99, 15.99, 49.99, 7.99, 15.99 ]\n+ [ 7.99, 9.99, 15.99, 15.99, 29.99, 49.99 ]\n"
              },
              "uuid": "abd990a6-0312-4ee3-922c-f64e701a9607",
              "parentUUID": "5324c1b4-479f-414b-98ca-9118b42f3179",
              "isHook": false,
              "skipped": false
            },
            {
              "title": "Sort Price (High to Low)",
              "fullTitle": "Testing dengan user: error_user Sort Price (High to Low)",
              "timedOut": null,
              "duration": 1411,
              "state": "failed",
              "speed": null,
              "pass": false,
              "fail": true,
              "pending": false,
              "context": null,
              "code": "cy.login(user);\ncy.get('[data-test=\"product-sort-container\"]').select('hilo');\nlet prices = [];\ncy.get('.inventory_item_price').each($el => {\n  prices.push(parseFloat($el.text().replace('$', '')));\n}).then(() => {\n  const sorted = [...prices].sort((a, b) => b - a);\n  expect(prices).to.deep.equal(sorted);\n});",
              "err": {
                "message": "AssertionError: expected [ Array(6) ] to deeply equal [ Array(6) ]",
                "estack": "AssertionError: expected [ Array(6) ] to deeply equal [ Array(6) ]\n    at Context.eval (webpack://pengujian-sauce-demo-web/./cypress/e2e/saucedemo.cy.js:137:27)",
                "diff": "- [ 29.99, 9.99, 15.99, 49.99, 7.99, 15.99 ]\n+ [ 49.99, 29.99, 15.99, 15.99, 9.99, 7.99 ]\n"
              },
              "uuid": "b9c0f8b5-87ae-456f-a6aa-4c7ae480f972",
              "parentUUID": "5324c1b4-479f-414b-98ca-9118b42f3179",
              "isHook": false,
              "skipped": false
            }
          ],
          "suites": [],
          "passes": [
            "d7cb42d8-c447-432e-80c9-5a356db7b0f7",
            "e48be73a-3a2b-4000-9e09-2f900be6ac56",
            "964a7d7d-d770-4e1f-a603-8441bfe2bbb0",
            "1516bcff-8b15-40e5-ab83-e3a853238360"
          ],
          "failures": [
            "617f53ab-a806-4f0c-bd73-9ce7fb4d8503",
            "09de03a3-fc7f-4c4d-aab2-cf528cf0623c",
            "19fc4799-9e61-4d90-b915-4813e06f09f4",
            "16afdea9-1d5a-4f4d-82c8-27769b8a71ba",
            "cebb3140-0ca7-443c-bbd7-09024a9a55ae",
            "abd990a6-0312-4ee3-922c-f64e701a9607",
            "b9c0f8b5-87ae-456f-a6aa-4c7ae480f972"
          ],
          "pending": [],
          "skipped": [],
          "duration": 15178,
          "root": false,
          "rootEmpty": false,
          "_timeout": 2000
        },
        {
          "uuid": "ea1aa392-e8fd-426f-90d8-da124b3a8dac",
          "title": "Testing dengan user: visual_user",
          "fullFile": "",
          "file": "",
          "beforeHooks": [],
          "afterHooks": [],
          "tests": [
            {
              "title": "Login Test",
              "fullTitle": "Testing dengan user: visual_user Login Test",
              "timedOut": null,
              "duration": 1054,
              "state": "passed",
              "speed": "fast",
              "pass": true,
              "fail": false,
              "pending": false,
              "context": null,
              "code": "cy.visit('https://www.saucedemo.com/');\ncy.get('#user-name').type(user);\ncy.get('#password').type('secret_sauce');\ncy.get('#login-button').click();\ncy.url().should('include', '/inventory.html');",
              "err": {},
              "uuid": "58c03632-7ba6-491a-bf5e-ebedcf044ecc",
              "parentUUID": "ea1aa392-e8fd-426f-90d8-da124b3a8dac",
              "isHook": false,
              "skipped": false
            },
            {
              "title": "Add to Cart berhasil",
              "fullTitle": "Testing dengan user: visual_user Add to Cart berhasil",
              "timedOut": null,
              "duration": 904,
              "state": "passed",
              "speed": "fast",
              "pass": true,
              "fail": false,
              "pending": false,
              "context": null,
              "code": "cy.login(user);\ncy.get('#add-to-cart-sauce-labs-backpack').click();\ncy.get('.shopping_cart_badge').should('contain', '1');",
              "err": {},
              "uuid": "e605008a-847f-407d-9125-013e975e92dc",
              "parentUUID": "ea1aa392-e8fd-426f-90d8-da124b3a8dac",
              "isHook": false,
              "skipped": false
            },
            {
              "title": "Remove item dari cart",
              "fullTitle": "Testing dengan user: visual_user Remove item dari cart",
              "timedOut": null,
              "duration": 937,
              "state": "passed",
              "speed": "fast",
              "pass": true,
              "fail": false,
              "pending": false,
              "context": null,
              "code": "cy.login(user);\ncy.get('#add-to-cart-sauce-labs-backpack').click();\ncy.get('#remove-sauce-labs-backpack').click();\ncy.get('.shopping_cart_badge').should('not.exist');",
              "err": {},
              "uuid": "d7ad8269-8212-4534-8690-925844ab1131",
              "parentUUID": "ea1aa392-e8fd-426f-90d8-da124b3a8dac",
              "isHook": false,
              "skipped": false
            },
            {
              "title": "User bisa melihat isi cart",
              "fullTitle": "Testing dengan user: visual_user User bisa melihat isi cart",
              "timedOut": null,
              "duration": 893,
              "state": "passed",
              "speed": "fast",
              "pass": true,
              "fail": false,
              "pending": false,
              "context": null,
              "code": "cy.login(user);\ncy.get('#add-to-cart-sauce-labs-backpack').click();\ncy.get('.shopping_cart_link').click();\ncy.get('.cart_item').should('have.length', 1);",
              "err": {},
              "uuid": "f97f0eae-ad05-4b30-ab80-0bcf6591fa8a",
              "parentUUID": "ea1aa392-e8fd-426f-90d8-da124b3a8dac",
              "isHook": false,
              "skipped": false
            },
            {
              "title": "Checkout - mengisi Your Information",
              "fullTitle": "Testing dengan user: visual_user Checkout - mengisi Your Information",
              "timedOut": null,
              "duration": 2890,
              "state": "passed",
              "speed": "fast",
              "pass": true,
              "fail": false,
              "pending": false,
              "context": null,
              "code": "cy.login(user);\ncy.get('#add-to-cart-sauce-labs-backpack').click();\ncy.get('.shopping_cart_link').click();\ncy.get('#checkout').click();\ncy.get('#first-name').type('Astri');\ncy.get('#last-name').type('Siahaan');\ncy.get('#postal-code').type('12345');\ncy.get('#continue').click();\ncy.url().should('include', 'checkout-step-two');",
              "err": {},
              "uuid": "cfe24d5c-89df-4337-8196-cf50d1676461",
              "parentUUID": "ea1aa392-e8fd-426f-90d8-da124b3a8dac",
              "isHook": false,
              "skipped": false
            },
            {
              "title": "Checkout Overview tampil dengan benar",
              "fullTitle": "Testing dengan user: visual_user Checkout Overview tampil dengan benar",
              "timedOut": null,
              "duration": 2208,
              "state": "passed",
              "speed": "fast",
              "pass": true,
              "fail": false,
              "pending": false,
              "context": null,
              "code": "cy.login(user);\ncy.get('#add-to-cart-sauce-labs-backpack').click();\ncy.get('.shopping_cart_link').click();\ncy.get('#checkout').click();\ncy.get('#first-name').type('Astri');\ncy.get('#last-name').type('Siahaan');\ncy.get('#postal-code').type('12345');\ncy.get('#continue').click();\ncy.get('.summary_info').should('be.visible');",
              "err": {},
              "uuid": "d551bfb1-ad39-4312-ac77-a07804cd018d",
              "parentUUID": "ea1aa392-e8fd-426f-90d8-da124b3a8dac",
              "isHook": false,
              "skipped": false
            },
            {
              "title": "Complete checkout - Finish Order",
              "fullTitle": "Testing dengan user: visual_user Complete checkout - Finish Order",
              "timedOut": null,
              "duration": 3049,
              "state": "passed",
              "speed": "fast",
              "pass": true,
              "fail": false,
              "pending": false,
              "context": null,
              "code": "cy.login(user);\ncy.get('#add-to-cart-sauce-labs-backpack').click();\ncy.get('.shopping_cart_link').click();\ncy.get('#checkout').click();\ncy.get('#first-name').type('Astri');\ncy.get('#last-name').type('Siahaan');\ncy.get('#postal-code').type('12345');\ncy.get('#continue').click();\ncy.get('#finish').click();\ncy.contains('Thank you for your order!').should('be.visible');",
              "err": {},
              "uuid": "7881193e-44ad-4b5f-963c-1854695e69b1",
              "parentUUID": "ea1aa392-e8fd-426f-90d8-da124b3a8dac",
              "isHook": false,
              "skipped": false
            },
            {
              "title": "Sort Name (A - Z)",
              "fullTitle": "Testing dengan user: visual_user Sort Name (A - Z)",
              "timedOut": null,
              "duration": 1053,
              "state": "passed",
              "speed": "fast",
              "pass": true,
              "fail": false,
              "pending": false,
              "context": null,
              "code": "cy.login(user);\ncy.get('[data-test=\"product-sort-container\"]').select('az');\nlet names = [];\ncy.get('.inventory_item_name').each($el => {\n  names.push($el.text());\n}).then(() => {\n  const sorted = [...names].sort();\n  expect(names).to.deep.equal(sorted);\n});",
              "err": {},
              "uuid": "95510680-c52b-4c59-af22-80209fe5ff2a",
              "parentUUID": "ea1aa392-e8fd-426f-90d8-da124b3a8dac",
              "isHook": false,
              "skipped": false
            },
            {
              "title": "Sort Name (Z - A)",
              "fullTitle": "Testing dengan user: visual_user Sort Name (Z - A)",
              "timedOut": null,
              "duration": 988,
              "state": "passed",
              "speed": "fast",
              "pass": true,
              "fail": false,
              "pending": false,
              "context": null,
              "code": "cy.login(user);\ncy.get('[data-test=\"product-sort-container\"]').select('za');\nlet names = [];\ncy.get('.inventory_item_name').each($el => {\n  names.push($el.text());\n}).then(() => {\n  const sorted = [...names].sort().reverse();\n  expect(names).to.deep.equal(sorted);\n});",
              "err": {},
              "uuid": "b104b68c-a542-4b90-8e91-625507d5046c",
              "parentUUID": "ea1aa392-e8fd-426f-90d8-da124b3a8dac",
              "isHook": false,
              "skipped": false
            },
            {
              "title": "Sort Price (Low to High)",
              "fullTitle": "Testing dengan user: visual_user Sort Price (Low to High)",
              "timedOut": null,
              "duration": 1249,
              "state": "failed",
              "speed": null,
              "pass": false,
              "fail": true,
              "pending": false,
              "context": null,
              "code": "cy.login(user);\ncy.get('[data-test=\"product-sort-container\"]').select('lohi');\nlet prices = [];\ncy.get('.inventory_item_price').each($el => {\n  prices.push(parseFloat($el.text().replace('$', '')));\n}).then(() => {\n  const sorted = [...prices].sort((a, b) => a - b);\n  expect(prices).to.deep.equal(sorted);\n});",
              "err": {
                "message": "AssertionError: expected [ Array(6) ] to deeply equal [ Array(6) ]",
                "estack": "AssertionError: expected [ Array(6) ] to deeply equal [ Array(6) ]\n    at Context.eval (webpack://pengujian-sauce-demo-web/./cypress/e2e/saucedemo.cy.js:123:27)",
                "diff": "- [ 36.8, 41.58, 28.46, 44.45, 62.69, 61.94 ]\n+ [ 28.46, 36.8, 41.58, 44.45, 61.94, 62.69 ]\n"
              },
              "uuid": "7879851f-4820-46d5-b8c7-6b74992a2b9a",
              "parentUUID": "ea1aa392-e8fd-426f-90d8-da124b3a8dac",
              "isHook": false,
              "skipped": false
            },
            {
              "title": "Sort Price (High to Low)",
              "fullTitle": "Testing dengan user: visual_user Sort Price (High to Low)",
              "timedOut": null,
              "duration": 1694,
              "state": "failed",
              "speed": null,
              "pass": false,
              "fail": true,
              "pending": false,
              "context": null,
              "code": "cy.login(user);\ncy.get('[data-test=\"product-sort-container\"]').select('hilo');\nlet prices = [];\ncy.get('.inventory_item_price').each($el => {\n  prices.push(parseFloat($el.text().replace('$', '')));\n}).then(() => {\n  const sorted = [...prices].sort((a, b) => b - a);\n  expect(prices).to.deep.equal(sorted);\n});",
              "err": {
                "message": "AssertionError: expected [ Array(6) ] to deeply equal [ Array(6) ]",
                "estack": "AssertionError: expected [ Array(6) ] to deeply equal [ Array(6) ]\n    at Context.eval (webpack://pengujian-sauce-demo-web/./cypress/e2e/saucedemo.cy.js:137:27)",
                "diff": "- [ 24.42, 93.38, 26.84, 69.3, 7.47, 57.88 ]\n+ [ 93.38, 69.3, 57.88, 26.84, 24.42, 7.47 ]\n"
              },
              "uuid": "b00e18c2-ad4a-4042-a995-afec07d20540",
              "parentUUID": "ea1aa392-e8fd-426f-90d8-da124b3a8dac",
              "isHook": false,
              "skipped": false
            }
          ],
          "suites": [],
          "passes": [
            "58c03632-7ba6-491a-bf5e-ebedcf044ecc",
            "e605008a-847f-407d-9125-013e975e92dc",
            "d7ad8269-8212-4534-8690-925844ab1131",
            "f97f0eae-ad05-4b30-ab80-0bcf6591fa8a",
            "cfe24d5c-89df-4337-8196-cf50d1676461",
            "d551bfb1-ad39-4312-ac77-a07804cd018d",
            "7881193e-44ad-4b5f-963c-1854695e69b1",
            "95510680-c52b-4c59-af22-80209fe5ff2a",
            "b104b68c-a542-4b90-8e91-625507d5046c"
          ],
          "failures": [
            "7879851f-4820-46d5-b8c7-6b74992a2b9a",
            "b00e18c2-ad4a-4042-a995-afec07d20540"
          ],
          "pending": [],
          "skipped": [],
          "duration": 16919,
          "root": false,
          "rootEmpty": false,
          "_timeout": 2000
        }
      ],
      "passes": [],
      "failures": [],
      "pending": [],
      "skipped": [],
      "duration": 0,
      "root": true,
      "rootEmpty": true,
      "_timeout": 2000
    }
  ],
  "meta": {
    "mocha": {
      "version": "7.0.1"
    },
    "mochawesome": {
      "options": {
        "quiet": false,
        "reportFilename": "mochawesome",
        "saveHtml": true,
        "saveJson": true,
        "consoleReporter": "spec",
        "useInlineDiffs": false,
        "code": true
      },
      "version": "7.1.4"
    },
    "marge": {
      "options": {
        "reportDir": "cypress/reports",
        "overwrite": false,
        "html": true,
        "json": true
      },
      "version": "6.3.2"
    }
  }
}